Using device: cuda
Starting with 10 Population:
[Arch(conv=2, acc=0.0000), Arch(conv=3, acc=0.0000), Arch(conv=2, acc=0.0000), Arch(conv=2, acc=0.0000), Arch(conv=3, acc=0.0000), Arch(conv=2, acc=0.0000), Arch(conv=2, acc=0.0000), Arch(conv=2, acc=0.0000), Arch(conv=3, acc=0.0000), Arch(conv=4, acc=0.0000)]


============================================================
Generation 1/5
============================================================
Evaluating architecture 1/10... Fitness: 0.5168, Accuracy: 0.5960
Evaluating architecture 2/10... Fitness: 0.6329, Accuracy: 0.6390
Evaluating architecture 3/10... Fitness: 0.4669, Accuracy: 0.5020
Evaluating architecture 4/10... Fitness: 0.4479, Accuracy: 0.4770
Evaluating architecture 5/10... Fitness: 0.5703, Accuracy: 0.5730
Evaluating architecture 6/10... Fitness: 0.5584, Accuracy: 0.5760
Evaluating architecture 7/10... Fitness: 0.5173, Accuracy: 0.5850
Evaluating architecture 8/10... Fitness: 0.5992, Accuracy: 0.6080
Evaluating architecture 9/10... Fitness: 0.6380, Accuracy: 0.6490
Evaluating architecture 10/10... Fitness: 0.6113, Accuracy: 0.6160

Sorting population in terms of fitness score (high -> low) ...
Best in generation: Arch(conv=3, acc=0.6490)

Best overall: Arch(conv=3, acc=0.6490)

Performing roulette-wheel selection of total population: 10 ...
Performing Crossover & Mutation ...
Elitism: Keeping top 2 architectures in next generation.
Next Generation: [Arch(conv=3, acc=0.6490), Arch(conv=3, acc=0.6390), Arch(conv=2, acc=0.5020), Arch(conv=3, acc=0.6490), Arch(conv=2, acc=0.0000), Arch(conv=4, acc=0.0000), Arch(conv=2, acc=0.5760), Arch(conv=3, acc=0.6490), Arch(conv=2, acc=0.0000), Arch(conv=2, acc=0.0000)]

============================================================
Generation 2/5
============================================================
Evaluating architecture 1/10... Fitness: 0.6210, Accuracy: 0.6320
Evaluating architecture 2/10... Fitness: 0.6199, Accuracy: 0.6260
Evaluating architecture 3/10... Fitness: 0.3779, Accuracy: 0.4130
Evaluating architecture 4/10... Fitness: 0.6300, Accuracy: 0.6410
Evaluating architecture 5/10... Fitness: 0.4749, Accuracy: 0.5100
Evaluating architecture 6/10... Fitness: 0.6583, Accuracy: 0.6630
Evaluating architecture 7/10... Fitness: 0.5524, Accuracy: 0.5700
Evaluating architecture 8/10... Fitness: 0.6330, Accuracy: 0.6440
Evaluating architecture 9/10... Fitness: 0.4521, Accuracy: 0.4980
Evaluating architecture 10/10... Fitness: 0.4222, Accuracy: 0.5580

Sorting population in terms of fitness score (high -> low) ...
Best in generation: Arch(conv=4, acc=0.6630)

Best overall: Arch(conv=4, acc=0.6630)

Performing roulette-wheel selection of total population: 10 ...
Performing Crossover & Mutation ...
Elitism: Keeping top 2 architectures in next generation.
Next Generation: [Arch(conv=4, acc=0.6630), Arch(conv=3, acc=0.6440), Arch(conv=2, acc=0.0000), Arch(conv=2, acc=0.4980), Arch(conv=3, acc=0.0000), Arch(conv=2, acc=0.0000), Arch(conv=2, acc=0.0000), Arch(conv=3, acc=0.0000), Arch(conv=2, acc=0.4980), Arch(conv=2, acc=0.4980)]

============================================================
Generation 3/5
============================================================
Evaluating architecture 1/10... Fitness: 0.6213, Accuracy: 0.6260
Evaluating architecture 2/10... Fitness: 0.6210, Accuracy: 0.6320
Evaluating architecture 3/10... Fitness: 0.5378, Accuracy: 0.5550
Evaluating architecture 4/10... Fitness: 0.4981, Accuracy: 0.5440
Evaluating architecture 5/10... Fitness: 0.6490, Accuracy: 0.6600
Evaluating architecture 6/10... Fitness: 0.5021, Accuracy: 0.5480
Evaluating architecture 7/10... Fitness: 0.4019, Accuracy: 0.4370
Evaluating architecture 8/10... Fitness: 0.6269, Accuracy: 0.6330
Evaluating architecture 9/10... Fitness: 0.5081, Accuracy: 0.5540
Evaluating architecture 10/10... Fitness: 0.4821, Accuracy: 0.5280

Sorting population in terms of fitness score (high -> low) ...
Best in generation: Arch(conv=3, acc=0.6600)

Best overall: Arch(conv=4, acc=0.6630)

Performing roulette-wheel selection of total population: 10 ...
Performing Crossover & Mutation ...
Elitism: Keeping top 2 architectures in next generation.
Next Generation: [Arch(conv=3, acc=0.6600), Arch(conv=3, acc=0.6330), Arch(conv=3, acc=0.6600), Arch(conv=2, acc=0.5440), Arch(conv=2, acc=0.0000), Arch(conv=2, acc=0.0000), Arch(conv=3, acc=0.0000), Arch(conv=2, acc=0.0000), Arch(conv=2, acc=0.0000), Arch(conv=2, acc=0.0000)]

============================================================
Generation 4/5
============================================================
Evaluating architecture 1/10... Fitness: 0.6540, Accuracy: 0.6650
Evaluating architecture 2/10... Fitness: 0.6009, Accuracy: 0.6070
Evaluating architecture 3/10... Fitness: 0.6090, Accuracy: 0.6200
Evaluating architecture 4/10... Fitness: 0.5091, Accuracy: 0.5550
Evaluating architecture 5/10... Fitness: 0.4771, Accuracy: 0.5230
Evaluating architecture 6/10... Fitness: 0.5021, Accuracy: 0.5480
Evaluating architecture 7/10... Fitness: 0.5981, Accuracy: 0.6250
Evaluating architecture 8/10... Fitness: 0.5157, Accuracy: 0.5500
Evaluating architecture 9/10... Fitness: 0.5201, Accuracy: 0.5660
Evaluating architecture 10/10... Fitness: 0.5021, Accuracy: 0.5480

Sorting population in terms of fitness score (high -> low) ...
Best in generation: Arch(conv=3, acc=0.6650)

Best overall: Arch(conv=4, acc=0.6630)

Performing roulette-wheel selection of total population: 10 ...
Performing Crossover & Mutation ...
Elitism: Keeping top 2 architectures in next generation.
Next Generation: [Arch(conv=3, acc=0.6650), Arch(conv=3, acc=0.6200), Arch(conv=2, acc=0.0000), Arch(conv=2, acc=0.0000), Arch(conv=2, acc=0.0000), Arch(conv=4, acc=0.0000), Arch(conv=2, acc=0.0000), Arch(conv=3, acc=0.0000), Arch(conv=4, acc=0.0000), Arch(conv=1, acc=0.0000)]

============================================================
Generation 5/5
============================================================
Evaluating architecture 1/10... Fitness: 0.6260, Accuracy: 0.6370
Evaluating architecture 2/10... Fitness: 0.6650, Accuracy: 0.6760
Evaluating architecture 3/10... Fitness: 0.4519, Accuracy: 0.4810
Evaluating architecture 4/10... Fitness: 0.4691, Accuracy: 0.5150
Evaluating architecture 5/10... Fitness: 0.5718, Accuracy: 0.5820
Evaluating architecture 6/10... Fitness: 0.6261, Accuracy: 0.6410
Evaluating architecture 7/10... Fitness: 0.4687, Accuracy: 0.5030
Evaluating architecture 8/10... Fitness: 0.6123, Accuracy: 0.6300
Evaluating architecture 9/10... Fitness: 0.6272, Accuracy: 0.6520
Evaluating architecture 10/10... Fitness: 0.3861, Accuracy: 0.4200

Sorting population in terms of fitness score (high -> low) ...
Best in generation: Arch(conv=3, acc=0.6760)

Best overall: Arch(conv=3, acc=0.6760)

Performing roulette-wheel selection of total population: 10 ...
Performing Crossover & Mutation ...
Elitism: Keeping top 2 architectures in next generation.
Next Generation: [Arch(conv=3, acc=0.6760), Arch(conv=4, acc=0.6520), Arch(conv=2, acc=0.0000), Arch(conv=2, acc=0.0000), Arch(conv=2, acc=0.0000), Arch(conv=3, acc=0.0000), Arch(conv=3, acc=0.6300), Arch(conv=2, acc=0.0000), Arch(conv=2, acc=0.5150), Arch(conv=3, acc=0.6760)]

============================================================
FINAL BEST ARCHITECTURE
============================================================
Genes: {'num_conv': 3, 'conv_configs': [{'filters': 16, 'kernel_size': 3}, {'filters': 128, 'kernel_size': 5}, {'filters': 64, 'kernel_size': 7}], 'pool_type': 'max', 'activation': 'relu', 'fc_units': 128}
Accuracy: 0.6760
Fitness: 0.6650

Total parameters: 979,370

Model architecture:
CNN(
  (features): Sequential(
    (0): Conv2d(3, 16, kernel_size=(3, 3), stride=(1, 1), padding=(1, 1))
    (1): BatchNorm2d(16, eps=1e-05, momentum=0.1, affine=True, track_running_stats=True)
    (2): ReLU(inplace=True)
    (3): Conv2d(16, 128, kernel_size=(5, 5), stride=(1, 1), padding=(2, 2))
    (4): BatchNorm2d(128, eps=1e-05, momentum=0.1, affine=True, track_running_stats=True)
    (5): ReLU(inplace=True)
    (6): MaxPool2d(kernel_size=2, stride=2, padding=0, dilation=1, ceil_mode=False)
    (7): Conv2d(128, 64, kernel_size=(7, 7), stride=(1, 1), padding=(3, 3))
    (8): BatchNorm2d(64, eps=1e-05, momentum=0.1, affine=True, track_running_stats=True)
    (9): ReLU(inplace=True)
    (10): MaxPool2d(kernel_size=2, stride=2, padding=0, dilation=1, ceil_mode=False)
  )
  (classifier): Sequential(
    (0): Flatten(start_dim=1, end_dim=-1)
    (1): Linear(in_features=4096, out_features=128, bias=True)
    (2): ReLU(inplace=True)
    (3): Dropout(p=0.5, inplace=False)
    (4): Linear(in_features=128, out_features=10, bias=True)
  )
)
